0 info it worked if it ends with ok
1 verbose cli [ '/home/hadoop/.meteor/packages/meteor-tool/.1.4.2_5.c5egqd++os.linux.x86_64+web.browser+web.cordova/mt-os.linux.x86_64/dev_bundle/bin/node',
1 verbose cli   '/home/hadoop/.meteor/packages/meteor-tool/.1.4.2_5.c5egqd++os.linux.x86_64+web.browser+web.cordova/mt-os.linux.x86_64/dev_bundle/bin/npm',
1 verbose cli   'install',
1 verbose cli   '--save',
1 verbose cli   'thrift',
1 verbose cli   'gen-nodejs' ]
2 info using npm@4.1.2
3 info using node@v4.7.3
4 silly loadCurrentTree Starting
5 silly install loadCurrentTree
6 silly install readLocalPackageData
7 silly fetchPackageMetaData thrift
8 silly fetchPackageMetaData gen-nodejs
9 silly fetchNamedPackageData thrift
10 silly mapToRegistry name thrift
11 silly mapToRegistry using default registry
12 silly mapToRegistry registry https://registry.npmjs.org/
13 silly mapToRegistry data Result {
13 silly mapToRegistry   raw: 'thrift',
13 silly mapToRegistry   scope: null,
13 silly mapToRegistry   escapedName: 'thrift',
13 silly mapToRegistry   name: 'thrift',
13 silly mapToRegistry   rawSpec: '',
13 silly mapToRegistry   spec: 'latest',
13 silly mapToRegistry   type: 'tag' }
14 silly mapToRegistry uri https://registry.npmjs.org/thrift
15 silly fetchNamedPackageData gen-nodejs
16 silly mapToRegistry name gen-nodejs
17 silly mapToRegistry using default registry
18 silly mapToRegistry registry https://registry.npmjs.org/
19 silly mapToRegistry data Result {
19 silly mapToRegistry   raw: 'gen-nodejs',
19 silly mapToRegistry   scope: null,
19 silly mapToRegistry   escapedName: 'gen-nodejs',
19 silly mapToRegistry   name: 'gen-nodejs',
19 silly mapToRegistry   rawSpec: '',
19 silly mapToRegistry   spec: 'latest',
19 silly mapToRegistry   type: 'tag' }
20 silly mapToRegistry uri https://registry.npmjs.org/gen-nodejs
21 verbose request uri https://registry.npmjs.org/gen-nodejs
22 verbose request no auth needed
23 info attempt registry request try #1 at 15:36:00
24 verbose request id c71cc366f035316a
25 http request GET https://registry.npmjs.org/gen-nodejs
26 verbose request uri https://registry.npmjs.org/thrift
27 verbose request no auth needed
28 info attempt registry request try #1 at 15:36:00
29 verbose etag W/"5891edae-4135"
30 verbose lastModified Wed, 01 Feb 2017 14:16:14 GMT
31 http request GET https://registry.npmjs.org/thrift
32 http 304 https://registry.npmjs.org/thrift
33 verbose headers { date: 'Tue, 21 Feb 2017 19:34:17 GMT',
33 verbose headers   via: '1.1 varnish',
33 verbose headers   'cache-control': 'max-age=300',
33 verbose headers   etag: 'W/"5891edae-4135"',
33 verbose headers   age: '0',
33 verbose headers   connection: 'keep-alive',
33 verbose headers   'x-served-by': 'cache-gru7127-GRU',
33 verbose headers   'x-cache': 'MISS',
33 verbose headers   'x-cache-hits': '0',
33 verbose headers   'x-timer': 'S1487705657.900658,VS0,VE179',
33 verbose headers   vary: 'Accept-Encoding' }
34 silly get cb [ 304,
34 silly get   { date: 'Tue, 21 Feb 2017 19:34:17 GMT',
34 silly get     via: '1.1 varnish',
34 silly get     'cache-control': 'max-age=300',
34 silly get     etag: 'W/"5891edae-4135"',
34 silly get     age: '0',
34 silly get     connection: 'keep-alive',
34 silly get     'x-served-by': 'cache-gru7127-GRU',
34 silly get     'x-cache': 'MISS',
34 silly get     'x-cache-hits': '0',
34 silly get     'x-timer': 'S1487705657.900658,VS0,VE179',
34 silly get     vary: 'Accept-Encoding' } ]
35 verbose etag https://registry.npmjs.org/thrift from cache
36 verbose get saving thrift to /home/hadoop/.meteor/packages/meteor-tool/.1.4.2_5.c5egqd++os.linux.x86_64+web.browser+web.cordova/mt-os.linux.x86_64/dev_bundle/.npm/registry.npmjs.org/thrift/.cache.json
37 verbose correctMkdir /home/hadoop/.meteor/packages/meteor-tool/.1.4.2_5.c5egqd++os.linux.x86_64+web.browser+web.cordova/mt-os.linux.x86_64/dev_bundle/.npm correctMkdir not in flight; initializing
38 http 404 https://registry.npmjs.org/gen-nodejs
39 verbose headers { 'content-type': 'application/json',
39 verbose headers   'cache-control': 'max-age=0',
39 verbose headers   'content-length': '2',
39 verbose headers   'accept-ranges': 'bytes',
39 verbose headers   date: 'Tue, 21 Feb 2017 19:34:18 GMT',
39 verbose headers   via: '1.1 varnish',
39 verbose headers   age: '0',
39 verbose headers   connection: 'keep-alive',
39 verbose headers   'x-served-by': 'cache-gru7125-GRU',
39 verbose headers   'x-cache': 'MISS',
39 verbose headers   'x-cache-hits': '0',
39 verbose headers   'x-timer': 'S1487705657.765548,VS0,VE787',
39 verbose headers   vary: 'Accept-Encoding' }
40 silly get cb [ 404,
40 silly get   { 'content-type': 'application/json',
40 silly get     'cache-control': 'max-age=0',
40 silly get     'content-length': '2',
40 silly get     'accept-ranges': 'bytes',
40 silly get     date: 'Tue, 21 Feb 2017 19:34:18 GMT',
40 silly get     via: '1.1 varnish',
40 silly get     age: '0',
40 silly get     connection: 'keep-alive',
40 silly get     'x-served-by': 'cache-gru7125-GRU',
40 silly get     'x-cache': 'MISS',
40 silly get     'x-cache-hits': '0',
40 silly get     'x-timer': 'S1487705657.765548,VS0,VE787',
40 silly get     vary: 'Accept-Encoding' } ]
41 silly fetchPackageMetaData Error: Registry returned 404 for GET on https://registry.npmjs.org/gen-nodejs
41 silly fetchPackageMetaData     at makeError (/home/hadoop/.meteor/packages/meteor-tool/.1.4.2_5.c5egqd++os.linux.x86_64+web.browser+web.cordova/mt-os.linux.x86_64/dev_bundle/lib/node_modules/npm/node_modules/npm-registry-client/lib/request.js:304:12)
41 silly fetchPackageMetaData     at CachingRegistryClient.<anonymous> (/home/hadoop/.meteor/packages/meteor-tool/.1.4.2_5.c5egqd++os.linux.x86_64+web.browser+web.cordova/mt-os.linux.x86_64/dev_bundle/lib/node_modules/npm/node_modules/npm-registry-client/lib/request.js:282:14)
41 silly fetchPackageMetaData     at Request._callback (/home/hadoop/.meteor/packages/meteor-tool/.1.4.2_5.c5egqd++os.linux.x86_64+web.browser+web.cordova/mt-os.linux.x86_64/dev_bundle/lib/node_modules/npm/node_modules/npm-registry-client/lib/request.js:212:14)
41 silly fetchPackageMetaData     at Request.self.callback (/home/hadoop/.meteor/packages/meteor-tool/.1.4.2_5.c5egqd++os.linux.x86_64+web.browser+web.cordova/mt-os.linux.x86_64/dev_bundle/lib/node_modules/npm/node_modules/request/request.js:186:22)
41 silly fetchPackageMetaData     at emitTwo (events.js:87:13)
41 silly fetchPackageMetaData     at Request.emit (events.js:172:7)
41 silly fetchPackageMetaData     at Request.<anonymous> (/home/hadoop/.meteor/packages/meteor-tool/.1.4.2_5.c5egqd++os.linux.x86_64+web.browser+web.cordova/mt-os.linux.x86_64/dev_bundle/lib/node_modules/npm/node_modules/request/request.js:1081:10)
41 silly fetchPackageMetaData     at emitOne (events.js:77:13)
41 silly fetchPackageMetaData     at Request.emit (events.js:169:7)
41 silly fetchPackageMetaData     at IncomingMessage.<anonymous> (/home/hadoop/.meteor/packages/meteor-tool/.1.4.2_5.c5egqd++os.linux.x86_64+web.browser+web.cordova/mt-os.linux.x86_64/dev_bundle/lib/node_modules/npm/node_modules/request/request.js:1001:12)
41 silly fetchPackageMetaData  error for gen-nodejs { [Error: Registry returned 404 for GET on https://registry.npmjs.org/gen-nodejs] pkgid: 'gen-nodejs', statusCode: 404, code: 'E404' }
42 silly rollbackFailedOptional Starting
43 silly rollbackFailedOptional Finishing
44 silly runTopLevelLifecycles Finishing
45 silly install printInstalled
46 verbose stack Error: Registry returned 404 for GET on https://registry.npmjs.org/gen-nodejs
46 verbose stack     at makeError (/home/hadoop/.meteor/packages/meteor-tool/.1.4.2_5.c5egqd++os.linux.x86_64+web.browser+web.cordova/mt-os.linux.x86_64/dev_bundle/lib/node_modules/npm/node_modules/npm-registry-client/lib/request.js:304:12)
46 verbose stack     at CachingRegistryClient.<anonymous> (/home/hadoop/.meteor/packages/meteor-tool/.1.4.2_5.c5egqd++os.linux.x86_64+web.browser+web.cordova/mt-os.linux.x86_64/dev_bundle/lib/node_modules/npm/node_modules/npm-registry-client/lib/request.js:282:14)
46 verbose stack     at Request._callback (/home/hadoop/.meteor/packages/meteor-tool/.1.4.2_5.c5egqd++os.linux.x86_64+web.browser+web.cordova/mt-os.linux.x86_64/dev_bundle/lib/node_modules/npm/node_modules/npm-registry-client/lib/request.js:212:14)
46 verbose stack     at Request.self.callback (/home/hadoop/.meteor/packages/meteor-tool/.1.4.2_5.c5egqd++os.linux.x86_64+web.browser+web.cordova/mt-os.linux.x86_64/dev_bundle/lib/node_modules/npm/node_modules/request/request.js:186:22)
46 verbose stack     at emitTwo (events.js:87:13)
46 verbose stack     at Request.emit (events.js:172:7)
46 verbose stack     at Request.<anonymous> (/home/hadoop/.meteor/packages/meteor-tool/.1.4.2_5.c5egqd++os.linux.x86_64+web.browser+web.cordova/mt-os.linux.x86_64/dev_bundle/lib/node_modules/npm/node_modules/request/request.js:1081:10)
46 verbose stack     at emitOne (events.js:77:13)
46 verbose stack     at Request.emit (events.js:169:7)
46 verbose stack     at IncomingMessage.<anonymous> (/home/hadoop/.meteor/packages/meteor-tool/.1.4.2_5.c5egqd++os.linux.x86_64+web.browser+web.cordova/mt-os.linux.x86_64/dev_bundle/lib/node_modules/npm/node_modules/request/request.js:1001:12)
47 verbose statusCode 404
48 verbose pkgid gen-nodejs
49 verbose cwd /home/hadoop/desarrollos/meteor_apps/KddTool
50 error Linux 4.4.0-62-generic
51 error argv "/home/hadoop/.meteor/packages/meteor-tool/.1.4.2_5.c5egqd++os.linux.x86_64+web.browser+web.cordova/mt-os.linux.x86_64/dev_bundle/bin/node" "/home/hadoop/.meteor/packages/meteor-tool/.1.4.2_5.c5egqd++os.linux.x86_64+web.browser+web.cordova/mt-os.linux.x86_64/dev_bundle/bin/npm" "install" "--save" "thrift" "gen-nodejs"
52 error node v4.7.3
53 error npm  v4.1.2
54 error code E404
55 error 404 Registry returned 404 for GET on https://registry.npmjs.org/gen-nodejs
56 error 404
57 error 404 'gen-nodejs' is not in the npm registry.
58 error 404 You should bug the author to publish it (or use the name yourself!)
59 error 404 Note that you can also install from a
60 error 404 tarball, folder, http url, or git url.
61 verbose exit [ 1, true ]
